[icc2-lic Tue Apr  7 00:18:19 2026] Command 'report_timing' requires licenses
[icc2-lic Tue Apr  7 00:18:19 2026] Attempting to check-out alternate set of keys directly with queueing
[icc2-lic Tue Apr  7 00:18:19 2026] Sending count request for 'ICCompilerII-8' 
[icc2-lic Tue Apr  7 00:18:19 2026] Count request for 'ICCompilerII-8' returned 1 
[icc2-lic Tue Apr  7 00:18:19 2026] Sending check-out request for 'ICCompilerII-8' (1) with wait option
[icc2-lic Tue Apr  7 00:18:19 2026] Check-out request for 'ICCompilerII-8' with wait option succeeded
[icc2-lic Tue Apr  7 00:18:19 2026] Sending checkout check request for 'ICCompilerII-8' 
[icc2-lic Tue Apr  7 00:18:19 2026] Checkout check request for 'ICCompilerII-8' returned 0 
[icc2-lic Tue Apr  7 00:18:19 2026] Sending count request for 'ICCompilerII-8' 
[icc2-lic Tue Apr  7 00:18:19 2026] Count request for 'ICCompilerII-8' returned 1 
[icc2-lic Tue Apr  7 00:18:19 2026] Sending count request for 'ICCompilerII-NX' 
[icc2-lic Tue Apr  7 00:18:19 2026] Count request for 'ICCompilerII-NX' returned 1 
[icc2-lic Tue Apr  7 00:18:19 2026] Sending check-out request for 'ICCompilerII-NX' (1) with wait option
[icc2-lic Tue Apr  7 00:18:19 2026] Check-out request for 'ICCompilerII-NX' with wait option succeeded
[icc2-lic Tue Apr  7 00:18:19 2026] Sending checkout check request for 'ICCompilerII-NX' 
[icc2-lic Tue Apr  7 00:18:19 2026] Checkout check request for 'ICCompilerII-NX' returned 0 
[icc2-lic Tue Apr  7 00:18:19 2026] Sending count request for 'ICCompilerII-NX' 
[icc2-lic Tue Apr  7 00:18:19 2026] Count request for 'ICCompilerII-NX' returned 1 
[icc2-lic Tue Apr  7 00:18:19 2026] Check-out of alternate set of keys directly with queueing was successful
****************************************
Report : timing
        -path_type full
        -delay_type max
        -max_paths 10
        -report_by design
Design : cordic
Version: W-2024.09
Date   : Tue Apr  7 00:18:19 2026
****************************************

  Startpoint: Y_reg[15] (rising edge-triggered flip-flop clocked by Clock)
  Endpoint: Y[15] (output port clocked by Clock)
  Mode: func
  Corner: nom
  Scenario: func::nom
  Path Group: **reg2out_default**
  Path Type: max

  Point                                            Incr      Path  
  ------------------------------------------------------------------------
  clock Clock (rise edge)                          0.00      0.00
  clock network delay (propagated)                 0.00      0.00

  Y_reg[15]/CLK (DFFSSRX1_RVT)                     0.00      0.00 r
  Y_reg[15]/Q (DFFSSRX1_RVT)                       0.08      0.08 f
  Y[15] (out)                                      0.00      0.08 f
  data arrival time                                          0.08

  clock Clock (rise edge)                         10.00     10.00
  clock network delay (propagated)                 0.00     10.00
  clock uncertainty                               -0.20      9.80
  output external delay                           -2.00      7.80
  data required time                                         7.80
  ------------------------------------------------------------------------
  data required time                                         7.80
  data arrival time                                         -0.08
  ------------------------------------------------------------------------
  slack (MET)                                                7.72



  Startpoint: Y_reg[1] (rising edge-triggered flip-flop clocked by Clock)
  Endpoint: Y[1] (output port clocked by Clock)
  Mode: func
  Corner: nom
  Scenario: func::nom
  Path Group: **reg2out_default**
  Path Type: max

  Point                                            Incr      Path  
  ------------------------------------------------------------------------
  clock Clock (rise edge)                          0.00      0.00
  clock network delay (propagated)                 0.00      0.00

  Y_reg[1]/CLK (DFFX1_RVT)                         0.00      0.00 r
  Y_reg[1]/Q (DFFX1_RVT)                           0.08      0.08 f
  Y[1] (out)                                       0.00      0.08 f
  data arrival time                                          0.08

  clock Clock (rise edge)                         10.00     10.00
  clock network delay (propagated)                 0.00     10.00
  clock uncertainty                               -0.20      9.80
  output external delay                           -2.00      7.80
  data required time                                         7.80
  ------------------------------------------------------------------------
  data required time                                         7.80
  data arrival time                                         -0.08
  ------------------------------------------------------------------------
  slack (MET)                                                7.72



  Startpoint: Y_reg[7] (rising edge-triggered flip-flop clocked by Clock)
  Endpoint: Y[7] (output port clocked by Clock)
  Mode: func
  Corner: nom
  Scenario: func::nom
  Path Group: **reg2out_default**
  Path Type: max

  Point                                            Incr      Path  
  ------------------------------------------------------------------------
  clock Clock (rise edge)                          0.00      0.00
  clock network delay (propagated)                 0.00      0.00

  Y_reg[7]/CLK (DFFX1_RVT)                         0.00      0.00 r
  Y_reg[7]/Q (DFFX1_RVT)                           0.08      0.08 f
  Y[7] (out)                                       0.00      0.08 f
  data arrival time                                          0.08

  clock Clock (rise edge)                         10.00     10.00
  clock network delay (propagated)                 0.00     10.00
  clock uncertainty                               -0.20      9.80
  output external delay                           -2.00      7.80
  data required time                                         7.80
  ------------------------------------------------------------------------
  data required time                                         7.80
  data arrival time                                         -0.08
  ------------------------------------------------------------------------
  slack (MET)                                                7.72



  Startpoint: Y_reg[3] (rising edge-triggered flip-flop clocked by Clock)
  Endpoint: Y[3] (output port clocked by Clock)
  Mode: func
  Corner: nom
  Scenario: func::nom
  Path Group: **reg2out_default**
  Path Type: max

  Point                                            Incr      Path  
  ------------------------------------------------------------------------
  clock Clock (rise edge)                          0.00      0.00
  clock network delay (propagated)                 0.00      0.00

  Y_reg[3]/CLK (DFFX1_RVT)                         0.00      0.00 r
  Y_reg[3]/Q (DFFX1_RVT)                           0.08      0.08 f
  Y[3] (out)                                       0.00      0.08 f
  data arrival time                                          0.08

  clock Clock (rise edge)                         10.00     10.00
  clock network delay (propagated)                 0.00     10.00
  clock uncertainty                               -0.20      9.80
  output external delay                           -2.00      7.80
  data required time                                         7.80
  ------------------------------------------------------------------------
  data required time                                         7.80
  data arrival time                                         -0.08
  ------------------------------------------------------------------------
  slack (MET)                                                7.72



  Startpoint: Y_reg[5] (rising edge-triggered flip-flop clocked by Clock)
  Endpoint: Y[5] (output port clocked by Clock)
  Mode: func
  Corner: nom
  Scenario: func::nom
  Path Group: **reg2out_default**
  Path Type: max

  Point                                            Incr      Path  
  ------------------------------------------------------------------------
  clock Clock (rise edge)                          0.00      0.00
  clock network delay (propagated)                 0.00      0.00

  Y_reg[5]/CLK (DFFX1_RVT)                         0.00      0.00 r
  Y_reg[5]/Q (DFFX1_RVT)                           0.08      0.08 f
  Y[5] (out)                                       0.00      0.08 f
  data arrival time                                          0.08

  clock Clock (rise edge)                         10.00     10.00
  clock network delay (propagated)                 0.00     10.00
  clock uncertainty                               -0.20      9.80
  output external delay                           -2.00      7.80
  data required time                                         7.80
  ------------------------------------------------------------------------
  data required time                                         7.80
  data arrival time                                         -0.08
  ------------------------------------------------------------------------
  slack (MET)                                                7.72



  Startpoint: Y_reg[11] (rising edge-triggered flip-flop clocked by Clock)
  Endpoint: Y[11] (output port clocked by Clock)
  Mode: func
  Corner: nom
  Scenario: func::nom
  Path Group: **reg2out_default**
  Path Type: max

  Point                                            Incr      Path  
  ------------------------------------------------------------------------
  clock Clock (rise edge)                          0.00      0.00
  clock network delay (propagated)                 0.00      0.00

  Y_reg[11]/CLK (DFFX1_RVT)                        0.00      0.00 r
  Y_reg[11]/Q (DFFX1_RVT)                          0.08      0.08 f
  Y[11] (out)                                      0.00      0.08 f
  data arrival time                                          0.08

  clock Clock (rise edge)                         10.00     10.00
  clock network delay (propagated)                 0.00     10.00
  clock uncertainty                               -0.20      9.80
  output external delay                           -2.00      7.80
  data required time                                         7.80
  ------------------------------------------------------------------------
  data required time                                         7.80
  data arrival time                                         -0.08
  ------------------------------------------------------------------------
  slack (MET)                                                7.72



  Startpoint: Y_reg[8] (rising edge-triggered flip-flop clocked by Clock)
  Endpoint: Y[8] (output port clocked by Clock)
  Mode: func
  Corner: nom
  Scenario: func::nom
  Path Group: **reg2out_default**
  Path Type: max

  Point                                            Incr      Path  
  ------------------------------------------------------------------------
  clock Clock (rise edge)                          0.00      0.00
  clock network delay (propagated)                 0.00      0.00

  Y_reg[8]/CLK (DFFX1_RVT)                         0.00      0.00 r
  Y_reg[8]/Q (DFFX1_RVT)                           0.08      0.08 f
  Y[8] (out)                                       0.00      0.08 f
  data arrival time                                          0.08

  clock Clock (rise edge)                         10.00     10.00
  clock network delay (propagated)                 0.00     10.00
  clock uncertainty                               -0.20      9.80
  output external delay                           -2.00      7.80
  data required time                                         7.80
  ------------------------------------------------------------------------
  data required time                                         7.80
  data arrival time                                         -0.08
  ------------------------------------------------------------------------
  slack (MET)                                                7.72



  Startpoint: Y_reg[10] (rising edge-triggered flip-flop clocked by Clock)
  Endpoint: Y[10] (output port clocked by Clock)
  Mode: func
  Corner: nom
  Scenario: func::nom
  Path Group: **reg2out_default**
  Path Type: max

  Point                                            Incr      Path  
  ------------------------------------------------------------------------
  clock Clock (rise edge)                          0.00      0.00
  clock network delay (propagated)                 0.00      0.00

  Y_reg[10]/CLK (DFFX1_RVT)                        0.00      0.00 r
  Y_reg[10]/Q (DFFX1_RVT)                          0.08      0.08 f
  Y[10] (out)                                      0.00      0.08 f
  data arrival time                                          0.08

  clock Clock (rise edge)                         10.00     10.00
  clock network delay (propagated)                 0.00     10.00
  clock uncertainty                               -0.20      9.80
  output external delay                           -2.00      7.80
  data required time                                         7.80
  ------------------------------------------------------------------------
  data required time                                         7.80
  data arrival time                                         -0.08
  ------------------------------------------------------------------------
  slack (MET)                                                7.72



  Startpoint: Y_reg[6] (rising edge-triggered flip-flop clocked by Clock)
  Endpoint: Y[6] (output port clocked by Clock)
  Mode: func
  Corner: nom
  Scenario: func::nom
  Path Group: **reg2out_default**
  Path Type: max

  Point                                            Incr      Path  
  ------------------------------------------------------------------------
  clock Clock (rise edge)                          0.00      0.00
  clock network delay (propagated)                 0.00      0.00

  Y_reg[6]/CLK (DFFX1_RVT)                         0.00      0.00 r
  Y_reg[6]/Q (DFFX1_RVT)                           0.08      0.08 f
  Y[6] (out)                                       0.00      0.08 f
  data arrival time                                          0.08

  clock Clock (rise edge)                         10.00     10.00
  clock network delay (propagated)                 0.00     10.00
  clock uncertainty                               -0.20      9.80
  output external delay                           -2.00      7.80
  data required time                                         7.80
  ------------------------------------------------------------------------
  data required time                                         7.80
  data arrival time                                         -0.08
  ------------------------------------------------------------------------
  slack (MET)                                                7.72



  Startpoint: Y_reg[2] (rising edge-triggered flip-flop clocked by Clock)
  Endpoint: Y[2] (output port clocked by Clock)
  Mode: func
  Corner: nom
  Scenario: func::nom
  Path Group: **reg2out_default**
  Path Type: max

  Point                                            Incr      Path  
  ------------------------------------------------------------------------
  clock Clock (rise edge)                          0.00      0.00
  clock network delay (propagated)                 0.00      0.00

  Y_reg[2]/CLK (DFFX1_RVT)                         0.00      0.00 r
  Y_reg[2]/Q (DFFX1_RVT)                           0.08      0.08 f
  Y[2] (out)                                       0.00      0.08 f
  data arrival time                                          0.08

  clock Clock (rise edge)                         10.00     10.00
  clock network delay (propagated)                 0.00     10.00
  clock uncertainty                               -0.20      9.80
  output external delay                           -2.00      7.80
  data required time                                         7.80
  ------------------------------------------------------------------------
  data required time                                         7.80
  data arrival time                                         -0.08
  ------------------------------------------------------------------------
  slack (MET)                                                7.72


1
