 
****************************************
Report : net
Design : cordic
Version: W-2024.09
Date   : Tue Apr  7 00:06:24 2026
****************************************


Operating Conditions: ss0p7vn40c   Library: saed32rvt_ss0p7vn40c
Wire Load Model Mode: enclosed

Design        Wire Load Model            Library
------------------------------------------------
cordic                 8000              saed32rvt_ss0p7vn40c


Attributes:
   dr - drc disabled

Net
 Fanout    Fanin     Load      LoadUR    LoadUF    LoadLR    LoadLF    Resist    Pins      Attr
-----------------------------------------------------------------------------------------------
Clock
     34         1       18.04     22.52     19.54     16.41     16.20      3.80      35    dr
X1[0]
      1         1        0.42      0.46      0.45      0.41      0.40      0.02       2    
X1[1]
      2         1        0.85      0.91      0.89      0.81      0.79      0.06       3    
X1[2]
      3         1        1.27      1.37      1.34      1.22      1.18      0.09       4    
X1[3]
      4         1        1.69      1.84      1.78      1.61      1.57      0.13       5    
X1[4]
      4         1        1.69      1.84      1.78      1.61      1.57      0.13       5    
X1[5]
      4         1        1.69      1.84      1.78      1.61      1.57      0.13       5    
X1[6]
      4         1        1.69      1.84      1.78      1.61      1.57      0.13       5    
X1[7]
      4         1        1.69      1.84      1.78      1.61      1.57      0.13       5    
X1[8]
      4         1        1.69      1.84      1.78      1.61      1.57      0.13       5    
X1[9]
      4         1        1.69      1.84      1.78      1.61      1.57      0.13       5    
X1[10]
      4         1        1.69      1.84      1.78      1.61      1.57      0.13       5    
X1[11]
      4         1        1.69      1.84      1.78      1.61      1.57      0.13       5    
X1[12]
      4         1        1.69      1.84      1.78      1.61      1.57      0.13       5    
X1[13]
      4         1        1.69      1.86      1.79      1.62      1.58      0.13       5    
X1[14]
      4         1        1.69      1.96      1.83      1.60      1.57      0.13       5    
X1[15]
      4         1        1.88      2.07      1.95      1.80      1.77      0.13       5    
X[0]
      1         1        0.41      0.54      0.44      0.36      0.36      0.02       2    
X[1]
      1         1        0.41      0.54      0.44      0.36      0.36      0.02       2    
X[2]
      1         1        0.41      0.54      0.44      0.36      0.36      0.02       2    
X[3]
      1         1        0.41      0.54      0.44      0.36      0.36      0.02       2    
X[4]
      1         1        0.41      0.54      0.44      0.36      0.36      0.02       2    
X[5]
      1         1        0.41      0.54      0.44      0.36      0.36      0.02       2    
X[6]
      1         1        0.41      0.54      0.44      0.36      0.36      0.02       2    
X[7]
      1         1        0.41      0.54      0.44      0.36      0.36      0.02       2    
X[8]
      1         1        0.41      0.54      0.44      0.36      0.36      0.02       2    
X[9]
      1         1        0.41      0.54      0.44      0.36      0.36      0.02       2    
X[10]
      1         1        0.41      0.54      0.44      0.36      0.36      0.02       2    
X[11]
      1         1        0.41      0.54      0.44      0.36      0.36      0.02       2    
X[12]
      1         1        0.41      0.54      0.44      0.36      0.36      0.02       2    
X[13]
      1         1        0.41      0.54      0.44      0.36      0.36      0.02       2    
X[14]
      1         1        0.41      0.54      0.44      0.36      0.36      0.02       2    
X[15]
      1         1        0.41      0.54      0.44      0.36      0.36      0.02       2    
Y1[0]
      1         1        0.41      0.54      0.44      0.36      0.36      0.02       2    
Y1[1]
      1         1        0.41      0.54      0.44      0.36      0.36      0.02       2    
Y1[2]
      1         1        0.41      0.54      0.44      0.36      0.36      0.02       2    
Y1[3]
      1         1        0.41      0.54      0.44      0.36      0.36      0.02       2    
Y1[4]
      1         1        0.41      0.54      0.44      0.36      0.36      0.02       2    
Y1[5]
      1         1        0.41      0.54      0.44      0.36      0.36      0.02       2    
Y1[6]
      1         1        0.41      0.54      0.44      0.36      0.36      0.02       2    
Y1[7]
      1         1        0.41      0.54      0.44      0.36      0.36      0.02       2    
Y1[8]
      1         1        0.41      0.54      0.44      0.36      0.36      0.02       2    
Y1[9]
      1         1        0.41      0.54      0.44      0.36      0.36      0.02       2    
Y1[10]
      1         1        0.41      0.54      0.44      0.36      0.36      0.02       2    
Y1[11]
      1         1        0.41      0.54      0.44      0.36      0.36      0.02       2    
Y1[12]
      1         1        0.41      0.54      0.44      0.36      0.36      0.02       2    
Y1[13]
      1         1        0.41      0.54      0.44      0.36      0.36      0.02       2    
Y1[14]
      1         1        0.41      0.54      0.44      0.36      0.36      0.02       2    
Y[0]
      1         1        0.00      0.00      0.00      0.00      0.00      0.02       2    
Y[1]
      1         1        0.00      0.00      0.00      0.00      0.00      0.02       2    
Y[2]
      1         1        0.00      0.00      0.00      0.00      0.00      0.02       2    
Y[3]
      1         1        0.00      0.00      0.00      0.00      0.00      0.02       2    
Y[4]
      1         1        0.00      0.00      0.00      0.00      0.00      0.02       2    
Y[5]
      1         1        0.00      0.00      0.00      0.00      0.00      0.02       2    
Y[6]
      1         1        0.00      0.00      0.00      0.00      0.00      0.02       2    
Y[7]
      1         1        0.00      0.00      0.00      0.00      0.00      0.02       2    
Y[8]
      1         1        0.00      0.00      0.00      0.00      0.00      0.02       2    
Y[9]
      1         1        0.00      0.00      0.00      0.00      0.00      0.02       2    
Y[10]
      1         1        0.00      0.00      0.00      0.00      0.00      0.02       2    
Y[11]
      1         1        0.00      0.00      0.00      0.00      0.00      0.02       2    
Y[12]
      1         1        0.00      0.00      0.00      0.00      0.00      0.02       2    
Y[13]
      1         1        0.00      0.00      0.00      0.00      0.00      0.02       2    
Y[14]
      1         1        0.00      0.00      0.00      0.00      0.00      0.02       2    
Y[15]
      1         1        0.00      0.00      0.00      0.00      0.00      0.02       2    
Z1[0]
      1         1        0.43      0.55      0.46      0.38      0.38      0.02       2    
Z1[1]
      2         1        1.47      1.94      1.69      1.30      1.24      0.06       3    
Z[0]
      1         1        0.41      0.54      0.44      0.36      0.36      0.02       2    
Z[1]
      1         1        0.41      0.54      0.44      0.36      0.36      0.02       2    
n20
      2         1        2.02      2.81      2.39      1.74      1.64      0.06       3    
n21
      7         1       15.46     20.41     16.80     13.58     13.38      0.27       8    
n22
      9         1       14.66     19.43     15.99     12.86     12.64      0.39      10    
n23
      2         1        0.77      0.98      0.86      0.71      0.70      0.06       3    
n24
      1         1        0.39      0.45      0.43      0.38      0.37      0.02       2    
n25
      1         1        0.54      0.77      0.64      0.46      0.44      0.02       2    
n26
     15         1       13.33     17.46     14.66     11.74     11.43      0.92      16    
n27
      1         1        0.41      0.52      0.44      0.36      0.36      0.00       2    dr
n28
      3         1        1.19      1.54      1.25      1.12      1.03      0.09       4    
-----------------------------------------------------------------------------------------------
Total 77 nets
    185        77      107.16    134.18    115.89     96.75     94.71      8.70     262
Maximum
     34         1       18.04     22.52     19.54     16.41     16.20      3.80      35
Average
   2.40      1.00        1.39      1.74      1.51      1.26      1.23      0.11    3.40
1
